2018-05-17T19:58:43.938+0000 I CONTROL  [initandlisten] MongoDB starting : pid=4654 port=27017 dbpath=/data/db 64-bit host=ip-172-31-38-83
2018-05-17T19:58:43.938+0000 I CONTROL  [initandlisten] db version v3.6.4
2018-05-17T19:58:43.938+0000 I CONTROL  [initandlisten] git version: d0181a711f7e7f39e60b5aeb1dc7097bf6ae5856
2018-05-17T19:58:43.938+0000 I CONTROL  [initandlisten] OpenSSL version: OpenSSL 1.0.0-fips 29 Mar 2010
2018-05-17T19:58:43.938+0000 I CONTROL  [initandlisten] allocator: tcmalloc
2018-05-17T19:58:43.938+0000 I CONTROL  [initandlisten] modules: none
2018-05-17T19:58:43.938+0000 I CONTROL  [initandlisten] build environment:
2018-05-17T19:58:43.938+0000 I CONTROL  [initandlisten]     distmod: amazon
2018-05-17T19:58:43.938+0000 I CONTROL  [initandlisten]     distarch: x86_64
2018-05-17T19:58:43.938+0000 I CONTROL  [initandlisten]     target_arch: x86_64
2018-05-17T19:58:43.938+0000 I CONTROL  [initandlisten] options: { config: "./mongodb/mongod.conf", net: { bindIp: "127.0.0.1", port: 27017 }, processManagement: { fork: true }, setParameter: { enableLocalhostAuthBypass: "false" }, storage: { journal: { enabled: true } }, systemLog: { destination: "file", logAppend: true, path: "./mongodb/mongod.log" } }
2018-05-17T19:58:43.938+0000 I -        [initandlisten] Detected data files in /data/db created by the 'wiredTiger' storage engine, so setting the active storage engine to 'wiredTiger'.
2018-05-17T19:58:43.938+0000 I STORAGE  [initandlisten] 
2018-05-17T19:58:43.938+0000 I STORAGE  [initandlisten] ** WARNING: Using the XFS filesystem is strongly recommended with the WiredTiger storage engine
2018-05-17T19:58:43.938+0000 I STORAGE  [initandlisten] **          See http://dochub.mongodb.org/core/prodnotes-filesystem
2018-05-17T19:58:43.938+0000 I STORAGE  [initandlisten] wiredtiger_open config: create,cache_size=256M,session_max=20000,eviction=(threads_min=4,threads_max=4),config_base=false,statistics=(fast),cache_cursors=false,log=(enabled=true,archive=true,path=journal,compressor=snappy),file_manager=(close_idle_time=100000),statistics_log=(wait=0),verbose=(recovery_progress),
2018-05-17T19:58:44.751+0000 I STORAGE  [initandlisten] WiredTiger message [1526587124:751867][4654:0x7f78d65deb00], txn-recover: Main recovery loop: starting at 4/6272
2018-05-17T19:58:44.847+0000 I STORAGE  [initandlisten] WiredTiger message [1526587124:847097][4654:0x7f78d65deb00], txn-recover: Recovering log 4 through 5
2018-05-17T19:58:44.904+0000 I STORAGE  [initandlisten] WiredTiger message [1526587124:904398][4654:0x7f78d65deb00], txn-recover: Recovering log 5 through 5
2018-05-17T19:58:44.958+0000 I STORAGE  [initandlisten] WiredTiger message [1526587124:958706][4654:0x7f78d65deb00], txn-recover: Set global recovery timestamp: 0
2018-05-17T19:58:44.985+0000 I CONTROL  [initandlisten] 
2018-05-17T19:58:44.985+0000 I CONTROL  [initandlisten] ** WARNING: Access control is not enabled for the database.
2018-05-17T19:58:44.985+0000 I CONTROL  [initandlisten] **          Read and write access to data and configuration is unrestricted.
2018-05-17T19:58:44.985+0000 I CONTROL  [initandlisten] ** WARNING: You are running this process as the root user, which is not recommended.
2018-05-17T19:58:44.985+0000 I CONTROL  [initandlisten] 
2018-05-17T19:58:44.994+0000 I FTDC     [initandlisten] Initializing full-time diagnostic data capture with directory '/data/db/diagnostic.data'
2018-05-17T19:58:44.994+0000 I NETWORK  [initandlisten] waiting for connections on port 27017
2018-05-17T19:58:56.672+0000 I CONTROL  [main] ***** SERVER RESTARTED *****
2018-05-17T19:58:56.677+0000 I CONTROL  [initandlisten] MongoDB starting : pid=4688 port=27017 dbpath=/data/db 64-bit host=ip-172-31-38-83
2018-05-17T19:58:56.677+0000 I CONTROL  [initandlisten] db version v3.6.4
2018-05-17T19:58:56.677+0000 I CONTROL  [initandlisten] git version: d0181a711f7e7f39e60b5aeb1dc7097bf6ae5856
2018-05-17T19:58:56.677+0000 I CONTROL  [initandlisten] OpenSSL version: OpenSSL 1.0.0-fips 29 Mar 2010
2018-05-17T19:58:56.677+0000 I CONTROL  [initandlisten] allocator: tcmalloc
2018-05-17T19:58:56.677+0000 I CONTROL  [initandlisten] modules: none
2018-05-17T19:58:56.677+0000 I CONTROL  [initandlisten] build environment:
2018-05-17T19:58:56.677+0000 I CONTROL  [initandlisten]     distmod: amazon
2018-05-17T19:58:56.677+0000 I CONTROL  [initandlisten]     distarch: x86_64
2018-05-17T19:58:56.677+0000 I CONTROL  [initandlisten]     target_arch: x86_64
2018-05-17T19:58:56.677+0000 I CONTROL  [initandlisten] options: { config: "./mongodb/mongod.conf", net: { bindIp: "127.0.0.1", port: 27017 }, processManagement: { fork: true }, setParameter: { enableLocalhostAuthBypass: "false" }, storage: { journal: { enabled: true } }, systemLog: { destination: "file", logAppend: true, path: "./mongodb/mongod.log" } }
2018-05-17T19:58:56.678+0000 I STORAGE  [initandlisten] exception in initAndListen: DBPathInUse: Unable to lock the lock file: /data/db/mongod.lock (Resource temporarily unavailable). Another mongod instance is already running on the /data/db directory, terminating
2018-05-17T19:58:56.678+0000 I CONTROL  [initandlisten] now exiting
2018-05-17T19:58:56.678+0000 I CONTROL  [initandlisten] shutting down with code:100
2018-05-17T19:59:12.148+0000 I CONTROL  [main] ***** SERVER RESTARTED *****
2018-05-17T19:59:12.154+0000 I CONTROL  [initandlisten] MongoDB starting : pid=4737 port=27017 dbpath=/data/db 64-bit host=ip-172-31-38-83
2018-05-17T19:59:12.154+0000 I CONTROL  [initandlisten] db version v3.6.4
2018-05-17T19:59:12.154+0000 I CONTROL  [initandlisten] git version: d0181a711f7e7f39e60b5aeb1dc7097bf6ae5856
2018-05-17T19:59:12.154+0000 I CONTROL  [initandlisten] OpenSSL version: OpenSSL 1.0.0-fips 29 Mar 2010
2018-05-17T19:59:12.154+0000 I CONTROL  [initandlisten] allocator: tcmalloc
2018-05-17T19:59:12.154+0000 I CONTROL  [initandlisten] modules: none
2018-05-17T19:59:12.154+0000 I CONTROL  [initandlisten] build environment:
2018-05-17T19:59:12.154+0000 I CONTROL  [initandlisten]     distmod: amazon
2018-05-17T19:59:12.154+0000 I CONTROL  [initandlisten]     distarch: x86_64
2018-05-17T19:59:12.154+0000 I CONTROL  [initandlisten]     target_arch: x86_64
2018-05-17T19:59:12.154+0000 I CONTROL  [initandlisten] options: { config: "./mongodb/mongod.conf", net: { bindIp: "127.0.0.1", port: 27017 }, processManagement: { fork: true }, setParameter: { enableLocalhostAuthBypass: "false" }, storage: { journal: { enabled: true } }, systemLog: { destination: "file", logAppend: true, path: "./mongodb/mongod.log" } }
2018-05-17T19:59:12.154+0000 I STORAGE  [initandlisten] exception in initAndListen: DBPathInUse: Unable to lock the lock file: /data/db/mongod.lock (Resource temporarily unavailable). Another mongod instance is already running on the /data/db directory, terminating
2018-05-17T19:59:12.154+0000 I CONTROL  [initandlisten] now exiting
2018-05-17T19:59:12.155+0000 I CONTROL  [initandlisten] shutting down with code:100
